[12:52:27] [Render thread/INFO] [JMLogger] JourneyMap log initialized.
[12:52:27] [Render thread/INFO] [JourneymapClient] initialize ENTER
[12:52:27] [Render thread/INFO] [ClientAPI] [ClientAPI] built with JourneyMap API 1.9-SNAPSHOT
[12:52:27] [Render thread/INFO] [PluginHelper] Initializing plugins with Client API: journeymap.client.api.impl.ClientAPI
[12:52:27] [Render thread/INFO] [PluginHelper] Initialized IClientPlugin: net.blay09.mods.waystones.compat.JourneyMapAddon
[12:52:27] [Render thread/INFO] [PluginHelper] Initialized IClientPlugin: frankv.jmi.JMIJourneyMapPlugin
[12:52:27] [Render thread/DEBUG] [JourneymapClient] Loading and Generating Journeymap configs
[12:52:27] [Render thread/WARN] [PropertiesBase] core (Initialized) Bad configField entry during updateFrom(): optionsManagerViewed=null
[12:52:28] [Render thread/INFO] [?] Version: JourneyMap 1.18.2-5.9.8, built with forge 1.18.2-40.1.86
forge: 40.2.21
Environment: os.name, os.arch, java.version, user.country, user.language=null, game language=en_us, locale=en_us
Features: 
	RadarPlayers : singleplayer = true , multiplayer = true
	RadarAnimals : singleplayer = true , multiplayer = true
	RadarMobs : singleplayer = true , multiplayer = true
	RadarVillagers : singleplayer = true , multiplayer = true
	MapTopo : singleplayer = true , multiplayer = true
	MapSurface : singleplayer = true , multiplayer = true
	MapCaves : singleplayer = true , multiplayer = true
	MapBiome : singleplayer = true , multiplayer = true
MiniMapProperties{state=Valid, file=journeymap.minimap.config, configVersion=5.9.8, zoomLevel=0, compassFontScale=1.0, terrainAlpha=100, showEntityNames=true, positionX=0.9, positionY=0.25, effectVertical=false, showPlayerHeading=true, sizePercent=30, playerDisplayScale=1.0, showDayNight=true, showPets=true, preferredMapType=day, showCompass=true, mobDisplay=jm.common.entity_display.dots, systemTimeRealFormat=HH:mm:ss, shape=jm.minimap.shape_circle, showSelf=true, selfDisplayScale=1.0, showGrid=true, reticleOrientation=jm.minimap.orientation.compass, gameTimeRealFormat=HH:mm:ss, effectTranslateX=0, showWaypoints=true, minimapKeyMovementSpeed=0.001, showAnimals=true, infoSlotAlpha=0.7, effectTranslateY=0, showWaypointLabels=true, moveEffectIcons=true, position=jm.minimap.position_topright, fontScale=1.0, showPlayers=true, waypointIconScale=1.0, frameAlpha=100, effectReversed=false, backgroundAlpha=0.8, enabled=true, showVillagers=true, info2Label=jm.theme.labelsource.gametime, info3Label=jm.theme.labelsource.location, showMobs=true, waypointLabelScale=1.0, showReticle=true, orientation=jm.minimap.orientation.north, info4Label=jm.theme.labelsource.biome, locationFormat=xzyv, playerDisplay=jm.common.entity_display.dots, mobDisplayScale=1.0, showCaves=true, showMobHeading=true, locationFormatVerbose=true, info1Label=jm.theme.labelsource.blank}
MiniMapProperties{state=Valid, file=journeymap.minimap2.config, configVersion=5.9.8, zoomLevel=0, compassFontScale=1.0, terrainAlpha=100, showEntityNames=true, positionX=0.9, positionY=0.25, effectVertical=false, showPlayerHeading=true, sizePercent=30, playerDisplayScale=1.0, showDayNight=true, showPets=true, preferredMapType=day, showCompass=true, mobDisplay=jm.common.entity_display.dots, systemTimeRealFormat=HH:mm:ss, shape=jm.minimap.shape_rectangle, showSelf=true, selfDisplayScale=1.0, showGrid=true, reticleOrientation=jm.minimap.orientation.compass, gameTimeRealFormat=HH:mm:ss, effectTranslateX=0, showWaypoints=true, minimapKeyMovementSpeed=0.001, showAnimals=true, infoSlotAlpha=0.7, effectTranslateY=0, showWaypointLabels=true, moveEffectIcons=true, position=jm.minimap.position_topright, fontScale=1.0, showPlayers=true, waypointIconScale=1.0, frameAlpha=100, effectReversed=false, backgroundAlpha=0.8, enabled=true, showVillagers=true, info2Label=jm.theme.labelsource.gametime, info3Label=jm.theme.labelsource.location, showMobs=true, waypointLabelScale=1.0, showReticle=true, orientation=jm.minimap.orientation.north, info4Label=jm.theme.labelsource.biome, locationFormat=xzyv, playerDisplay=jm.common.entity_display.dots, mobDisplayScale=1.0, showCaves=true, showMobHeading=true, locationFormatVerbose=true, info1Label=jm.theme.labelsource.blank}
FullMapProperties{state=Valid, file=journeymap.fullmap.config, configVersion=5.9.8, zoomLevel=1, showPlayers=true, waypointIconScale=1.0, showEntityNames=true, showPlayerHeading=true, showVillagers=true, showPlayerLoc=true, showKeys=true, playerDisplayScale=1.0, showMobs=true, showPets=true, waypointLabelScale=1.0, preferredMapType=day, mobDisplay=jm.common.entity_display.dots, showSelf=true, locationFormat=xzyv, playerDisplay=jm.common.entity_display.dots, mobDisplayScale=1.0, selfDisplayScale=1.0, showGrid=true, showMouseLoc=true, showWaypoints=true, showCaves=true, showAnimals=true, dragScale=1, showMobHeading=true, showWaypointLabels=true, locationFormatVerbose=true, fontScale=1.0}
WaypointProperties{state=Valid, file=journeymap.waypoint.config, configVersion=5.9.8, autoRemoveDeathpointDistance=2, dateFormat=MM-dd-yyyy, autoRemoveDeathpoints=false, fullscreenDoubleClickToCreate=true, managerDimensionFocus=false, minDistance=4, boldLabel=false, textureSmall=true, showDeathpointlabel=true, beaconEnabled=true, createDeathpoints=true, showName=true, disableStrikeThrough=false, maxDistance=0, autoHideLabel=true, autoRemoveTempWaypoints=2, teleportCommand=/tp {name} {x} {y} {z}, showStaticBeam=true, shaderBeacon=false, timeFormat=HH:mm:ss, showDeviationLabel=false, showDistance=true, showRotatingBeam=true, fontScale=2.0, showTexture=true, managerEnabled=true}
WebMapProperties{state=Valid, file=journeymap.webmap.config, configVersion=5.9.8, port=8080, enabled=false}
CoreProperties{state=Valid, file=journeymap.core.config, configVersion=5.9.8, verboseColorPalette=false, maxPlayersData=32, mapSurfaceAboveCaves=true, dataCachingEnabled=true, optionsManagerViewed=null, announceMod=true, colorPassive=#bbbbbb, mapBlendWater=false, renderDistanceSurfaceMax=0, seedId=false, radarVerticalDistance=16, mapBlendGrass=true, recordCacheStats=false, hideSneakingEntities=true, revealShape=jm.minimap.shape_circle, mapBiome=true, alwaysMapSurface=false, colorVillager=#88e188, mapPlants=false, colorPet=#0077ff, radarLateralDistance=64, mapBathymetry=false, mapCrops=true, maxMobsData=32, mapPlantShadows=false, alwaysMapCaves=false, checkUpdates=true, mapBlendFoliage=true, hideSpectators=false, mappingEnabled=true, colorPlayer=#ffffff, tileHighDisplayQuality=true, cacheVillagersData=2200, logLevel=INFO, maxVillagersData=32, mapWaterBiomeColors=false, maxAnimalsData=32, mapTransparency=true, caveBlackAsClear=false, tileRenderType=1, caveIgnoreGlass=true, mapTopography=true, renderDistanceCaveMax=0, mapAntialiasing=true, colorSelf=#0000ff, cachePlayersData=2000, cacheMobsData=3000, cachePlayerData=1000, splashViewed=5.9.8, colorHostile=#ff0000, cacheAnimalsData=3100, themeName=OceanMonument, mapCaveLighting=true, renderDelay=2, glErrorChecking=false, autoMapPoll=2000}
[12:52:28] [Render thread/DEBUG] [ForgeEventHandlerManager] Handler registered: journeymap.client.event.forge.ForgeKeyEvents
[12:52:28] [Render thread/DEBUG] [ForgeEventHandlerManager] Handler registered: journeymap.client.event.forge.ForgeChatEvents
[12:52:28] [Render thread/DEBUG] [ForgeEventHandlerManager] Handler registered: journeymap.client.event.forge.ForgeHudOverlayEvents
[12:52:28] [Render thread/DEBUG] [ForgeEventHandlerManager] Handler registered: journeymap.client.event.forge.ForgeWorldEvent
[12:52:28] [Render thread/DEBUG] [ForgeEventHandlerManager] Handler registered: journeymap.client.event.forge.ForgeChunkEvents
[12:52:28] [Render thread/DEBUG] [ForgeEventHandlerManager] Handler registered: journeymap.client.event.forge.ForgeClientTickEvent
[12:52:28] [Render thread/DEBUG] [ForgeEventHandlerManager] Handler registered: journeymap.client.event.forge.ForgeRenderLevelLastEvent
[12:52:28] [Render thread/DEBUG] [ForgeEventHandlerManager] Handler registered: journeymap.client.event.forge.ForgeLoggedInEvent
[12:52:28] [Render thread/DEBUG] [ForgeEventHandlerManager] Handler registered: journeymap.client.event.forge.ForgeTextureStitchedEvent
[12:52:28] [Render thread/DEBUG] [ForgeEventHandlerManager] Handler registered: journeymap.client.event.forge.ForgePopupCustomEvents
[12:52:28] [Render thread/INFO] [JourneymapClient] initialize EXIT, elapsed count 1 avg 307.33ms
[12:53:19] [Render thread/INFO] [JourneymapClient] Journeymap PostInit
[12:53:19] [Render thread/DEBUG] [JourneymapClient] postInitialize ENTER
[12:53:19] [Render thread/TRACE] [ThemeLoader] Initializing themes ...
[12:53:19] [Render thread/ERROR] [FileHandler] Couldn't locate icons for flat: W:\Users\WilliamBackup\AppData\Roaming\ModrinthApp\profiles\Vault%20Hunters%203rd%20Edition%20(3)\mods\journeymap-1.18.2-5.9.8-forge.jar\assets\journeymap\theme\flat
[12:53:19] [Render thread/INFO] [ThemeLoader] Preloaded theme textures: 0
[12:53:19] [Render thread/INFO] [JourneymapClient] postInitialize EXIT, elapsed count 1 avg 19.56ms
[12:57:26] [Render thread/WARN] [PropertiesBase] core (Initialized) Bad configField entry during updateFrom(): optionsManagerViewed=null
[12:57:26] [Render thread/INFO] [ModBlockDelegate] Custom modded block handling enabled for create
[12:57:27] [Render thread/INFO] [WaypointStore] Loaded 63 waypoints from W:\Users\WilliamBackup\AppData\Roaming\ModrinthApp\profiles\Vault Hunters 3rd Edition (3)\journeymap\data\mp\GC~Public~IP\waypoints
[12:57:27] [Render thread/INFO] [JourneymapClient] Mapping started in W:\Users\WilliamBackup\AppData\Roaming\ModrinthApp\profiles\Vault Hunters 3rd Edition (3)\journeymap\data\mp\GC~Public~IP\the_vault~vault_a7a8e045~4321~4ae8~90ba~2222b5fc90b2. Memory: 6472MB total, 1724MB free 
[12:58:00] [Render thread/INFO] [ChatLog] 
[12:58:46] [Render thread/WARN] [JMLogger] Can't get entityTexture for the_vault:textures/entity_icon/fighter/vaultfightert1.png
[12:58:46] [Render thread/WARN] [JMLogger] Can't get entityTexture for the_vault:textures/entity_icon/bloodmoon/skeleton/t1.png
[12:58:46] [Render thread/WARN] [JMLogger] Can't get entityTexture for the_vault:textures/entity_icon/bloodmoon/skeleton/t0.png
[12:58:46] [Render thread/WARN] [JMLogger] Can't get entityTexture for the_vault:textures/entity_icon/bloodhorde/t1.png
[12:59:48] [Render thread/WARN] [JMLogger] Can't get entityTexture for the_vault:textures/entity_icon/bloodhorde/t2.png
[12:59:48] [Render thread/WARN] [JMLogger] Can't get entityTexture for the_vault:textures/entity_icon/fighter/vaultfightert0.png
[13:12:52] [Render thread/WARN] [JMLogger] Can't get entityTexture for the_vault:textures/entity_icon/guardian/crystal_orange.png
[13:12:58] [Render thread/WARN] [JMLogger] Can't get entityTexture for the_vault:textures/entity_icon/guardian/crystal_violet.png
[13:14:02] [Render thread/WARN] [JMLogger] Can't get entityTexture for the_vault:textures/entity_icon/tank/bloodhorde.png
[13:14:05] [Render thread/WARN] [JMLogger] Can't get entityTexture for the_vault:textures/entity_icon/bloodmoon/silverfish.png
[13:17:13] [Render thread/INFO] [JourneymapClient] Mapping halted in W:\Users\WilliamBackup\AppData\Roaming\ModrinthApp\profiles\Vault Hunters 3rd Edition (3)\journeymap\data\mp\GC~Public~IP\the_vault:vault_a7a8e045-4321-4ae8-90ba-2222b5fc90b2
